<?xml version="1.0" encoding="UTF-8"?>
<testsuite failures="0" errors="0" skipped="0" tests="1" time="77.181290" name="PartBackOrderForm">
<testcase classname="desktop_PartBackOrderForm" name="@desktop User can see a Back Order button on the Parts Detail Page" time="77.181290">
  <system-out>
    <![CDATA[reports/parts_features/part_backorder_form/User_can_see_a_Back_Order_button_on_the_Parts_Detail_Page/chrome_desktop/log.txt
Starting Scenario 'User can see a Back Order button on the Parts Detail Page'
Starting local chrome browser
Resizing browser to desktop size
Navigating to https://qww.arrow.com/en/products/search?q=bav99
Closing Window
Navigating to https://qww.arrow.com/productsearch/searchresultsajax?page=1&q=bav99
Finding : css selector:pre
Verified : [{:css=>"pre"}] is visible
Closing Window
PARAM URL = part_url:products/bav99dw-7-f/diodes-incorporated
Navigating to https://qww.arrow.com/en/products/bav99dw-7-f/diodes-incorporated
Tags: [36m@@ARROW_776[0m, [36m@@full[0m, [36m@@smoke[0m, [36m@@slow[0m, [36m@@desktop[0mFinding : class name:BuyingOption--backOrder
Waiting for jQuery AJAX
Waiting for jQuery AJAX
Waiting for jQuery AJAX
Waiting for jQuery AJAX
Waiting for jQuery AJAX
Waiting for jQuery AJAX
Waiting for jQuery AJAX
Finding BuyingOption.@back_order_btn: class name:Button--full
Verified BuyingOption.@back_order_btn: [{:class=>"Button--full"}] is visible
Clicking : <a href="https://qacart.arrow.com:8443/index-nowrap.html?mpn=BAV99DW-7-F&amp;manufacturer=Diodes+Incorporated&amp;lang=en-en#part-quote" class="Button Button--bordered Button--full ProductPurchase-button ProductPurchase-form" target="_blank">Back Order</a>
WARNING 2016-05-31 12:22:02 -0600: https://qww.arrow.com/static/js/arrow.js?v=201653118110&e= 3:11101 Feature "SearchApplyFiltersDesktop" expired on Fri Apr 01 2016 00:00:00 GMT-0600 (MDT) and should either be integrated or removed
WARNING 2016-05-31 12:22:02 -0600: https://qww.arrow.com/static/js/arrow.js?v=201653118110&e= 3:11101 Feature "ProductSearchSortableColumnHeadings" expired on Fri Jan 01 2016 00:00:00 GMT-0700 (MST) and should either be integrated or removed
WARNING 2016-05-31 12:22:02 -0600: https://qww.arrow.com/static/js/arrow.js?v=201653118110&e= 3:11101 Feature "RegistrationAdvancedForm" expired on Tue Mar 01 2016 00:00:00 GMT-0700 (MST) and should either be integrated or removed
WARNING 2016-05-31 12:22:02 -0600: https://qww.arrow.com/static/js/arrow.js?v=201653118110&e= 3:11101 Feature "SouthernEuropeRegion" expired on Tue Mar 01 2016 00:00:00 GMT-0700 (MST) and should either be integrated or removed
WARNING 2016-05-31 12:22:02 -0600: https://qww.arrow.com/static/js/arrow.js?v=201653118110&e= 3:11101 Feature "ProductSearchAjaxCategoryFilter" expired on Fri Apr 01 2016 00:00:00 GMT-0600 (MDT) and should either be integrated or removed
WARNING 2016-05-31 12:22:02 -0600: https://qww.arrow.com/static/js/arrow.js?v=201653118110&e= 3:11101 Feature "FreightForwarder" expired on Sun May 01 2016 00:00:00 GMT-0600 (MDT) and should either be integrated or removed
WARNING 2016-05-31 12:22:02 -0600: https://qww.arrow.com/static/js/arrow.js?v=201653118110&e= 3:11101 Feature "NewHeader" expired on Sun May 01 2016 00:00:00 GMT-0600 (MDT) and should either be integrated or removed
SEVERE 2016-05-31 12:22:16 -0600: https://qww.arrow.com/en/error-404?404;https://qww.arrow.com:443/favicon.ico 0:0 Failed to load resource: the server responded with a status of 404 (Not Found)
WARNING 2016-05-31 12:22:20 -0600: https://qww.arrow.com/static/js/arrow.js?v=201653118110&e= 3:11101 Feature "SearchApplyFiltersDesktop" expired on Fri Apr 01 2016 00:00:00 GMT-0600 (MDT) and should either be integrated or removed
WARNING 2016-05-31 12:22:20 -0600: https://qww.arrow.com/static/js/arrow.js?v=201653118110&e= 3:11101 Feature "ProductSearchSortableColumnHeadings" expired on Fri Jan 01 2016 00:00:00 GMT-0700 (MST) and should either be integrated or removed
WARNING 2016-05-31 12:22:20 -0600: https://qww.arrow.com/static/js/arrow.js?v=201653118110&e= 3:11101 Feature "RegistrationAdvancedForm" expired on Tue Mar 01 2016 00:00:00 GMT-0700 (MST) and should either be integrated or removed
WARNING 2016-05-31 12:22:20 -0600: https://qww.arrow.com/static/js/arrow.js?v=201653118110&e= 3:11101 Feature "SouthernEuropeRegion" expired on Tue Mar 01 2016 00:00:00 GMT-0700 (MST) and should either be integrated or removed
WARNING 2016-05-31 12:22:20 -0600: https://qww.arrow.com/static/js/arrow.js?v=201653118110&e= 3:11101 Feature "ProductSearchAjaxCategoryFilter" expired on Fri Apr 01 2016 00:00:00 GMT-0600 (MDT) and should either be integrated or removed
WARNING 2016-05-31 12:22:20 -0600: https://qww.arrow.com/static/js/arrow.js?v=201653118110&e= 3:11101 Feature "FreightForwarder" expired on Sun May 01 2016 00:00:00 GMT-0600 (MDT) and should either be integrated or removed
WARNING 2016-05-31 12:22:20 -0600: https://qww.arrow.com/static/js/arrow.js?v=201653118110&e= 3:11101 Feature "NewHeader" expired on Sun May 01 2016 00:00:00 GMT-0600 (MDT) and should either be integrated or removed
INFO 2016-05-31 12:22:27 -0600: https://preprod-arrow-modulefront.videodesk.com/js/videodesk.js 223:245 _vdk.logEvent //log-preprod-arrow.videodesk.com/img/b.gif?e%3Dvisitor%26siteUid%3D9073f71ec3e4b20f9e755d9fc9267fa9%26webuserUid%3D5a7c4ff6-b121-079d-4240-ee6f33433d3f%26agent%3DMozilla%2F5.0%20(Macintosh%3B%20Intel%20Mac%20OS%20X%2010_11_5)%20AppleWebKit%2F537.36%20(KHTML%2C%20like%20Gecko)%20Chrome%2F50.0.2661.102%20Safari%2F537.36%26browser%3DChrome%26majorver%3D50%26platform%3DMacOSX%26platform_version%3D%26ip%3D50.78.195.2%26flash%3D1%26flashVersion%3DShockwave%20Flash%2021.0%20r0%26screenSize%3D1920x1080%26device%3Dwindows%26timestamp%3D1464718946216
INFO 2016-05-31 12:22:27 -0600: https://preprod-arrow-modulefront.videodesk.com/js/videodesk.js 223:245 _vdk.logEvent //log-preprod-arrow.videodesk.com/img/b.gif?e%3Dvisit%26visitUid%3D76901d88-cb1d-4049-6246-b8c5e719aa05%26siteUid%3D9073f71ec3e4b20f9e755d9fc9267fa9%26webuserUid%3D5a7c4ff6-b121-079d-4240-ee6f33433d3f%26referer%3Dhttps%3A%2F%2Fqww.arrow.com%2Fen%2Fproducts%2Fbav99dw-7-f%2Fdiodes-incorporated%26nb_agents_available%3D0%26info%3Da%3A0%3A{}%26windowSize%3D1025x829%26website_language%3Den%26display%3Don%26result%3D1%26result_code%3D
INFO 2016-05-31 12:22:27 -0600: https://preprod-arrow-modulefront.videodesk.com/js/videodesk.js 223:245 [object Object]
INFO 2016-05-31 12:22:27 -0600: https://preprod-arrow-modulefront.videodesk.com/js/videodesk.js 223:245 _vdk.adaptWebrtc
INFO 2016-05-31 12:22:27 -0600: https://preprod-arrow-modulefront.videodesk.com/js/videodesk.js 223:245 _vdk.adaptWebrtc => CHROME
INFO 2016-05-31 12:22:27 -0600: https://preprod-arrow-modulefront.videodesk.com/js/videodesk.js 223:245 _vdk.adaptWebrtc => createIceServer
INFO 2016-05-31 12:22:27 -0600: https://preprod-arrow-modulefront.videodesk.com/js/videodesk.js 223:245 logGIF89a�����!�,D;
INFO 2016-05-31 12:22:27 -0600: https://preprod-arrow-modulefront.videodesk.com/js/videodesk.js 223:245 logGIF89a�����!�,D;
INFO 2016-05-31 12:22:30 -0600: https://preprod-arrow-modulefront.videodesk.com/js/videodesk.js 223:245 _vdk.logEvent //log-preprod-arrow.videodesk.com/img/b.gif?e%3Dvisits_info%26visitUid%3D76901d88-cb1d-4049-6246-b8c5e719aa05%26bw%3D262144%26udp%3D1%26nb_webcams%3D1%26nb_micros%3D2%26timestamp%3D1464718950364%26turn%3D1%26blacklist%3D%26cookietiers%3D1
INFO 2016-05-31 12:22:30 -0600: https://preprod-arrow-modulefront.videodesk.com/js/videodesk.js 223:245 logGIF89a�����!�,D;
WARNING 2016-05-31 12:22:30 -0600: {"message":{"column":38,"executionContextId":5,"level":"log","line":1,"parameters":[{"className":"Array","description":"Array[0]","objectId":"{\"injectedScriptId\":5,\"id\":1}","preview":{"description":"Array[0]","lossless":true,"overflow":false,"properties":[],"subtype":"array","type":"object"},"subtype":"array","type":"object"}],"source":"console-api","stack":{"callFrames":[{"columnNumber":38,"functionName":"RR.jsonCallback","lineNumber":1,"scriptId":"298","url":""},{"columnNumber":267,"functionName":"rr_call_after_flush","lineNumber":1,"scriptId":"307","url":"https://integration.richrelevance.com/rrserver/p13n_generated.js?a=cba3598f6284d538&ts=1464718950322&pt=%7Cadd_to_cart_page&s=via44mwkffbf21hfknp0405g&pte=t&cts=%2F%2Fqacart.arrow.com%3A8443&atcid=%7CBAV99DW-7-F&flv=21.0.0&pref=https%3A%2F%2Fqww.arrow.com%2Fen%2Fproducts%2Fbav99dw-7-f%2Fdiodes-incorporated&rcs=eF4NyDEOgDAIBdClk3ch4ROg9QZeg7Q06eCmnt8ub3jluL9nDQbABHWtaKcKmhKECOXt13C3EHFi260Sm9o7hZkpZuZE_mXeEX8&l=1"},{"columnNumber":698,"functionName":"rr_flush","lineNumber":1,"scriptId":"307","url":"https://integration.richrelevance.com/rrserver/p13n_generated.js?a=cba3598f6284d538&ts=1464718950322&pt=%7Cadd_to_cart_page&s=via44mwkffbf21hfknp0405g&pte=t&cts=%2F%2Fqacart.arrow.com%3A8443&atcid=%7CBAV99DW-7-F&flv=21.0.0&pref=https%3A%2F%2Fqww.arrow.com%2Fen%2Fproducts%2Fbav99dw-7-f%2Fdiodes-incorporated&rcs=eF4NyDEOgDAIBdClk3ch4ROg9QZeg7Q06eCmnt8ub3jluL9nDQbABHWtaKcKmhKECOXt13C3EHFi260Sm9o7hZkpZuZE_mXeEX8&l=1"},{"columnNumber":723,"functionName":"","lineNumber":1,"scriptId":"307","url":"https://integration.richrelevance.com/rrserver/p13n_generated.js?a=cba3598f6284d538&ts=1464718950322&pt=%7Cadd_to_cart_page&s=via44mwkffbf21hfknp0405g&pte=t&cts=%2F%2Fqacart.arrow.com%3A8443&atcid=%7CBAV99DW-7-F&flv=21.0.0&pref=https%3A%2F%2Fqww.arrow.com%2Fen%2Fproducts%2Fbav99dw-7-f%2Fdiodes-incorporated&rcs=eF4NyDEOgDAIBdClk3ch4ROg9QZeg7Q06eCmnt8ub3jluL9nDQbABHWtaKcKmhKECOXt13C3EHFi260Sm9o7hZkpZuZE_mXeEX8&l=1"}]},"text":"","timestamp":1464718950.55629,"type":"dir","url":""}}
Scenario '' Passed
Quitting browser
]]>
  </system-out>
  <system-err>
    <![CDATA[]]>
  </system-err>
</testcase>
</testsuite>
