<?xml version="1.0" encoding="UTF-8"?>
<testsuite failures="0" errors="0" skipped="0" tests="1" time="71.831589" name="ProductDetailPriceQuantity">
<testcase classname="desktop_ProductDetailPriceQuantity" name="@desktop User can see a total price calculation after adding something to there Cart from the Parts Detail Page" time="71.831589">
  <system-out>
    <![CDATA[reports/parts_features/part_detail_price_quantity/User_can_see_a_total_price_calculation_after_adding_something_to_there_Cart_from_the_Parts_Detail_Pag/chrome_desktop/log.txt
Starting Scenario 'User can see a total price calculation after adding something to there Cart from the Parts Detail Page'
Starting local chrome browser
Resizing browser to desktop size
Navigating to https://qww.arrow.com/en/products/search?q=bav99
Closing Window
Navigating to https://qww.arrow.com/productsearch/searchresultsajax?page=1&q=bav99
Finding : css selector:pre
Verified : [{:css=>"pre"}] is visible
Closing Window
PARAM URL = part_url:products/bav99/fairchild-semiconductor
Navigating to https://qww.arrow.com/en/products/bav99/fairchild-semiconductor
Finding PartDetailsPage.@buying_options: css selector:.BuyingOption
Waiting for jQuery AJAX
Waiting for jQuery AJAX
Waiting for jQuery AJAX
Waiting for jQuery AJAX
Waiting for jQuery AJAX
Verified PartDetailsPage.@buying_options: [{:css=>".BuyingOption"}] is present
Verified : [{:css=>".BuyingOption"}] is present
Finding PartDetailsPage.@buying_options: css selector:.BuyingOption
Verified PartDetailsPage.@buying_options: [{:css=>".BuyingOption"}] is present
Finding BuyingOption.@product_form: class name:BuyingOption-purchase
Verified PartDetailsPage.@buying_options: [{:css=>".BuyingOption"}] is present
Finding BuyingOption.@price_tiers: css selector:dl.ProductPurchase-priceTiers>dt
Finding PartDetailsPage.@buying_options: css selector:.BuyingOption
Verified PartDetailsPage.@buying_options: [{:css=>".BuyingOption"}] is present
Finding BuyingOption.@qty: class name:ProductPurchase-quantity
Typing 1
Tags: [36m@@ARROW_783[0m, [36m@@full[0m, [36m@@smoke[0mFinding PartDetailsPage.@buying_options: css selector:.BuyingOption
Verified PartDetailsPage.@buying_options: [{:css=>".BuyingOption"}] is present
Finding BuyingOption.@total_price: class name:BuyingOption-total-price
Verified BuyingOption.@total_price: [{:class=>"BuyingOption-total-price"}] text contains '0.08'
WARNING 2016-05-31 12:23:25 -0600: https://qww.arrow.com/static/js/arrow.js?v=201653118110&e= 3:11101 Feature "SearchApplyFiltersDesktop" expired on Fri Apr 01 2016 00:00:00 GMT-0600 (MDT) and should either be integrated or removed
WARNING 2016-05-31 12:23:25 -0600: https://qww.arrow.com/static/js/arrow.js?v=201653118110&e= 3:11101 Feature "ProductSearchSortableColumnHeadings" expired on Fri Jan 01 2016 00:00:00 GMT-0700 (MST) and should either be integrated or removed
WARNING 2016-05-31 12:23:25 -0600: https://qww.arrow.com/static/js/arrow.js?v=201653118110&e= 3:11101 Feature "RegistrationAdvancedForm" expired on Tue Mar 01 2016 00:00:00 GMT-0700 (MST) and should either be integrated or removed
WARNING 2016-05-31 12:23:25 -0600: https://qww.arrow.com/static/js/arrow.js?v=201653118110&e= 3:11101 Feature "SouthernEuropeRegion" expired on Tue Mar 01 2016 00:00:00 GMT-0700 (MST) and should either be integrated or removed
WARNING 2016-05-31 12:23:25 -0600: https://qww.arrow.com/static/js/arrow.js?v=201653118110&e= 3:11101 Feature "ProductSearchAjaxCategoryFilter" expired on Fri Apr 01 2016 00:00:00 GMT-0600 (MDT) and should either be integrated or removed
WARNING 2016-05-31 12:23:25 -0600: https://qww.arrow.com/static/js/arrow.js?v=201653118110&e= 3:11101 Feature "FreightForwarder" expired on Sun May 01 2016 00:00:00 GMT-0600 (MDT) and should either be integrated or removed
WARNING 2016-05-31 12:23:25 -0600: https://qww.arrow.com/static/js/arrow.js?v=201653118110&e= 3:11101 Feature "NewHeader" expired on Sun May 01 2016 00:00:00 GMT-0600 (MDT) and should either be integrated or removed
WARNING 2016-05-31 12:23:33 -0600: https://qww.arrow.com/static/js/arrow.js?v=201653118110&e= 3:11101 Feature "SearchApplyFiltersDesktop" expired on Fri Apr 01 2016 00:00:00 GMT-0600 (MDT) and should either be integrated or removed
WARNING 2016-05-31 12:23:33 -0600: https://qww.arrow.com/static/js/arrow.js?v=201653118110&e= 3:11101 Feature "ProductSearchSortableColumnHeadings" expired on Fri Jan 01 2016 00:00:00 GMT-0700 (MST) and should either be integrated or removed
WARNING 2016-05-31 12:23:33 -0600: https://qww.arrow.com/static/js/arrow.js?v=201653118110&e= 3:11101 Feature "RegistrationAdvancedForm" expired on Tue Mar 01 2016 00:00:00 GMT-0700 (MST) and should either be integrated or removed
WARNING 2016-05-31 12:23:33 -0600: https://qww.arrow.com/static/js/arrow.js?v=201653118110&e= 3:11101 Feature "SouthernEuropeRegion" expired on Tue Mar 01 2016 00:00:00 GMT-0700 (MST) and should either be integrated or removed
WARNING 2016-05-31 12:23:33 -0600: https://qww.arrow.com/static/js/arrow.js?v=201653118110&e= 3:11101 Feature "ProductSearchAjaxCategoryFilter" expired on Fri Apr 01 2016 00:00:00 GMT-0600 (MDT) and should either be integrated or removed
WARNING 2016-05-31 12:23:33 -0600: https://qww.arrow.com/static/js/arrow.js?v=201653118110&e= 3:11101 Feature "FreightForwarder" expired on Sun May 01 2016 00:00:00 GMT-0600 (MDT) and should either be integrated or removed
WARNING 2016-05-31 12:23:33 -0600: https://qww.arrow.com/static/js/arrow.js?v=201653118110&e= 3:11101 Feature "NewHeader" expired on Sun May 01 2016 00:00:00 GMT-0600 (MDT) and should either be integrated or removed
INFO 2016-05-31 12:23:38 -0600: https://preprod-arrow-modulefront.videodesk.com/js/videodesk.js 223:245 _vdk.logEvent //log-preprod-arrow.videodesk.com/img/b.gif?e%3Dvisitor%26siteUid%3D9073f71ec3e4b20f9e755d9fc9267fa9%26webuserUid%3D45f15f88-8a7f-9666-952c-3e7f360601e3%26agent%3DMozilla%2F5.0%20(Macintosh%3B%20Intel%20Mac%20OS%20X%2010_11_5)%20AppleWebKit%2F537.36%20(KHTML%2C%20like%20Gecko)%20Chrome%2F50.0.2661.102%20Safari%2F537.36%26browser%3DChrome%26majorver%3D50%26platform%3DMacOSX%26platform_version%3D%26ip%3D50.78.195.2%26flash%3D1%26flashVersion%3DShockwave%20Flash%2021.0%20r0%26screenSize%3D1920x1080%26device%3Dwindows%26timestamp%3D1464719017776
INFO 2016-05-31 12:23:38 -0600: https://preprod-arrow-modulefront.videodesk.com/js/videodesk.js 223:245 _vdk.logEvent //log-preprod-arrow.videodesk.com/img/b.gif?e%3Dvisit%26visitUid%3D75509e40-32b9-112a-f380-be7f783a4627%26siteUid%3D9073f71ec3e4b20f9e755d9fc9267fa9%26webuserUid%3D45f15f88-8a7f-9666-952c-3e7f360601e3%26referer%3Dhttps%3A%2F%2Fqww.arrow.com%2Fen%2Fproducts%2Fbav99%2Ffairchild-semiconductor%26nb_agents_available%3D0%26info%3Da%3A0%3A{}%26windowSize%3D1025x829%26website_language%3Den%26display%3Don%26result%3D1%26result_code%3D
INFO 2016-05-31 12:23:38 -0600: https://preprod-arrow-modulefront.videodesk.com/js/videodesk.js 223:245 [object Object]
INFO 2016-05-31 12:23:38 -0600: https://preprod-arrow-modulefront.videodesk.com/js/videodesk.js 223:245 _vdk.adaptWebrtc
INFO 2016-05-31 12:23:38 -0600: https://preprod-arrow-modulefront.videodesk.com/js/videodesk.js 223:245 _vdk.adaptWebrtc => CHROME
INFO 2016-05-31 12:23:38 -0600: https://preprod-arrow-modulefront.videodesk.com/js/videodesk.js 223:245 _vdk.adaptWebrtc => createIceServer
INFO 2016-05-31 12:23:38 -0600: https://preprod-arrow-modulefront.videodesk.com/js/videodesk.js 223:245 logGIF89a�����!�,D;
INFO 2016-05-31 12:23:38 -0600: https://preprod-arrow-modulefront.videodesk.com/js/videodesk.js 223:245 logGIF89a�����!�,D;
Scenario '' Passed
Quitting browser
]]>
  </system-out>
  <system-err>
    <![CDATA[]]>
  </system-err>
</testcase>
</testsuite>
